<?xml version="1.0" encoding="UTF-8" ?>
<testsuite tests="20" failures="0" name="curso.treinamento.runners.RunnerTest" time="0.021" errors="0" skipped="0">
  <properties>
[...]
</properties>
  <testcase classname="Cenário: Realizar login" name="Dado que eu esteja na tela de login" time="0.002"/>
  <testcase classname="Cenário: Realizar login" name="Quando faço login com o usuário &quot;mercury&quot; e senha &quot;mercury&quot;" time="0"/>
  <testcase classname="Cenário: Realizar login" name="Então sou autenticado com sucesso" time="0.001"/>
  <testcase classname="Cenário: Realizar login" name="Cenário: Realizar login" time="0.001"/>
  <testcase classname="| mercury | mer |" name="Dado que eu esteja na tela de login" time="0.001"/>
  <testcase classname="| mercury | mer |" name="Quando faço login com o usuário &quot;mercury&quot; e senha &quot;mer&quot;" time="0"/>
  <testcase classname="| mercury | mer |" name="Então sou direcionado para a tela Sign-On" time="0.001"/>
  <testcase classname="| mercury | mer |" name="| mercury | mer |" time="0.002"/>
  <testcase classname="| 123434 | 34 |" name="Dado que eu esteja na tela de login" time="0"/>
  <testcase classname="| 123434 | 34 |" name="Quando faço login com o usuário &quot;123434&quot; e senha &quot;34&quot;" time="0"/>
  <testcase classname="| 123434 | 34 |" name="Então sou direcionado para a tela Sign-On" time="0"/>
  <testcase classname="| 123434 | 34 |" name="| 123434 | 34 |" time="0.002"/>
  <testcase classname="|  | 34 |" name="Dado que eu esteja na tela de login" time="0"/>
  <testcase classname="|  | 34 |" name="Quando faço login com o usuário &quot;&quot; e senha &quot;34&quot;" time="0.004"/>
  <testcase classname="|  | 34 |" name="Então sou direcionado para a tela Sign-On" time="0.002"/>
  <testcase classname="|  | 34 |" name="|  | 34 |" time="0.003"/>
  <testcase classname="Cenário: Realizar login" name="Dado que eu esteja na tela de login" time="0"/>
  <testcase classname="Cenário: Realizar login" name="Quando faço login com:" time="0.001"/>
  <testcase classname="Cenário: Realizar login" name="Então sou direcionado para a tela Sign-On" time="0"/>
  <testcase classname="Cenário: Realizar login" name="Cenário: Realizar login" time="0.001"/>
</testsuite>